<?xml version="1.0" encoding="UTF-8"?>
<!-- Generated by org.testng.reporters.JUnitReportReporter -->
<testsuite hostname="DaMu" failures="0" tests="2" name="test.GetAttribute" time="7.659" errors="0" timestamp="2024-08-06T15:15:17 IST" skipped="0">
  <testcase classname="test.GetAttribute" name="Name" time="3.942"/>
  <system-out/>
  <testcase classname="test.GetAttribute" name="SS" time="3.717"/>
  <system-out/>
</testsuite> <!-- test.GetAttribute -->
