<?xml version="1.0" encoding="UTF-8"?>
<!-- Generated by org.testng.reporters.JUnitReportReporter -->
<testsuite hostname="DaMu" failures="0" tests="3" name="test.Buttons" time="3.281" errors="0" timestamp="2024-08-07T22:11:04 IST" skipped="0">
  <testcase classname="test.Buttons" name="Position" time="3.182"/>
  <system-out/>
  <testcase classname="test.Buttons" name="Size" time="0.057"/>
  <system-out/>
  <testcase classname="test.Buttons" name="color" time="0.042"/>
  <system-out/>
</testsuite> <!-- test.Buttons -->
