<?xml version="1.0" encoding="UTF-8"?>
<!-- Generated by org.testng.reporters.JUnitReportReporter -->
<testsuite hostname="DaMu" failures="0" tests="1" name="test.RadioButton" time="19.482" errors="0" timestamp="2024-08-19T18:56:38 IST" skipped="0">
  <testcase classname="test.RadioButton" name="verifyradiobutton" time="19.482"/>
  <system-out/>
</testsuite> <!-- test.RadioButton -->
